#
# There is insufficient memory for the Java Runtime Environment to continue.
# Native memory allocation (mmap) failed to map 402653184 bytes for G1 virtual space
# Possible reasons:
#   The system is out of physical RAM or swap space
#   The process is running with CompressedOops enabled, and the Java Heap may be blocking the growth of the native heap
# Possible solutions:
#   Reduce memory load on the system
#   Increase physical memory or swap space
#   Check if swap backing store is full
#   Decrease Java heap size (-Xmx/-Xms)
#   Decrease number of Java threads
#   Decrease Java thread stack sizes (-Xss)
#   Set larger code cache with -XX:ReservedCodeCacheSize=
#   JVM is running with Zero Based Compressed Oops mode in which the Java heap is
#     placed in the first 32GB address space. The Java Heap base address is the
#     maximum limit for the native heap growth. Please use -XX:HeapBaseMinAddress
#     to set the Java Heap base and to place the Java Heap above 32GB virtual address.
# This output file may be truncated or incomplete.
#
#  Out of Memory Error (os_windows.cpp:3771), pid=26240, tid=6880
#
# JRE version:  (17.0.7) (build )
# Java VM: OpenJDK 64-Bit Server VM (17.0.7+0-b2043.56-10550314, mixed mode, sharing, tiered, compressed oops, compressed class ptrs, g1 gc, windows-amd64)
# No core dump will be written. Minidumps are not enabled by default on client versions of Windows
#

---------------  S U M M A R Y ------------

Command Line: org.jetbrains.kotlin.cli.jvm.K2JVMCompiler @D:\Users\jonatan\AndroidStudioProjects\AppRickyAndMorty\app\build\20240226_11664420886971498253.compiler.options

Host: Intel(R) Core(TM) i7-9750H CPU @ 2.60GHz, 12 cores, 23G,  Windows 10 , 64 bit Build 19041 (10.0.19041.3636)
Time: Mon Feb 26 14:56:13 2024 Hora estándar central (México) elapsed time: 0.009108 seconds (0d 0h 0m 0s)

---------------  T H R E A D  ---------------

Current thread (0x0000013f140a48b0):  JavaThread "Unknown thread" [_thread_in_vm, id=6880, stack(0x000000110cd00000,0x000000110ce00000)]

Stack: [0x000000110cd00000,0x000000110ce00000]
Native frames: (J=compiled Java code, j=interpreted, Vv=VM code, C=native code)
V  [jvm.dll+0x683bfa]
V  [jvm.dll+0x8430a4]
V  [jvm.dll+0x8449be]
V  [jvm.dll+0x845023]
V  [jvm.dll+0x24ad2f]
V  [jvm.dll+0x680ac9]
V  [jvm.dll+0x67519a]
V  [jvm.dll+0x30b3cb]
V  [jvm.dll+0x312876]
V  [jvm.dll+0x36221e]
V  [jvm.dll+0x36244f]
V  [jvm.dll+0x2e14a8]
V  [jvm.dll+0x2e2414]
V  [jvm.dll+0x814391]
V  [jvm.dll+0x36ffe1]
V  [jvm.dll+0x7f396c]
V  [jvm.dll+0x3f305f]
V  [jvm.dll+0x3f4b91]
C  [jli.dll+0x528f]
C  [ucrtbase.dll+0x21bb2]
C  [KERNEL32.DLL+0x17344]
C  [ntdll.dll+0x526b1]


---------------  P R O C E S S  ---------------

Threads class SMR info:
_java_thread_list=0x00007ff8c73ed098, length=0, elements={
}

Java Threads: ( => current thread )

Other Threads:
  0x0000013f1412cf20 GCTaskThread "GC Thread#0" [stack: 0x000000110ce00000,0x000000110cf00000] [id=15936]
  0x0000013f14139d30 ConcurrentGCThread "G1 Main Marker" [stack: 0x000000110cf00000,0x000000110d000000] [id=24324]
  0x0000013f1413a740 ConcurrentGCThread "G1 Conc#0" [stack: 0x000000110d000000,0x000000110d100000] [id=15512]

[error occurred during error reporting (printing all threads), id 0xc0000005, EXCEPTION_ACCESS_VIOLATION (0xc0000005) at pc=0x00007ff8c6ba2087]

VM state: not at safepoint (not fully initialized)

VM Mutex/Monitor currently owned by a thread:  ([mutex/lock_event])
[0x0000013f1409ff00] Heap_lock - owner thread: 0x0000013f140a48b0

Heap address: 0x0000000682400000, size: 6108 MB, Compressed Oops mode: Zero based, Oop shift amount: 3

CDS archive(s) mapped at: [0x0000000000000000-0x0000000000000000-0x0000000000000000), size 0, SharedBaseAddress: 0x0000000800000000, ArchiveRelocationMode: 0.
Narrow klass base: 0x0000000000000000, Narrow klass shift: 0, Narrow klass range: 0x0

GC Precious Log:
<Empty>

Heap:
 garbage-first heap   total 0K, used 0K [0x0000000682400000, 0x0000000800000000)
  region size 4096K, 0 young (0K), 0 survivors (0K)
 Metaspace       used 0K, committed 0K, reserved 0K
  class space    used 0K, committed 0K, reserved 0K

Heap Regions: E=young(eden), S=young(survivor), O=old, HS=humongous(starts), HC=humongous(continues), CS=collection set, F=free, OA=open archive, CA=closed archive, TAMS=top-at-mark-start (previous, next)

Card table byte_map: [0x0000013f295e0000,0x0000013f2a1d0000] _byte_map_base: 0x0000013f261ce000

Marking Bits (Prev, Next): (CMBitMap*) 0x0000013f1412d530, (CMBitMap*) 0x0000013f1412d570
 Prev Bits: [0x0000013f2adc0000, 0x0000013f30d30000)
 Next Bits: [0x0000013f30d30000, 0x0000013f36ca0000)

GC Heap History (0 events):
No events

Dll operation events (1 events):
Event: 0.005 Loaded shared library D:\Program Files\Android\Android Studio\jbr\bin\java.dll

Deoptimization events (0 events):
No events

Classes unloaded (0 events):
No events

Classes redefined (0 events):
No events

Internal exceptions (0 events):
No events

VM Operations (0 events):
No events

Events (0 events):
No events


Dynamic libraries:
0x00007ff6b2fd0000 - 0x00007ff6b2fda000 	D:\Program Files\Android\Android Studio\jbr\bin\java.exe
0x00007ff92a450000 - 0x00007ff92a648000 	C:\WINDOWS\SYSTEM32\ntdll.dll
0x00007ff9296a0000 - 0x00007ff92975d000 	C:\WINDOWS\System32\KERNEL32.DLL
0x00007ff9280f0000 - 0x00007ff9283e6000 	C:\WINDOWS\System32\KERNELBASE.dll
0x00007ff924e10000 - 0x00007ff924ea0000 	C:\WINDOWS\SYSTEM32\apphelp.dll
0x00007ff927b10000 - 0x00007ff927c10000 	C:\WINDOWS\System32\ucrtbase.dll
0x00007ff920870000 - 0x00007ff920887000 	D:\Program Files\Android\Android Studio\jbr\bin\jli.dll
0x00007ff9219e0000 - 0x00007ff9219fb000 	D:\Program Files\Android\Android Studio\jbr\bin\VCRUNTIME140.dll
0x00007ff929760000 - 0x00007ff9298fe000 	C:\WINDOWS\System32\USER32.dll
0x00007ff927f30000 - 0x00007ff927f52000 	C:\WINDOWS\System32\win32u.dll
0x00007ff916200000 - 0x00007ff91649a000 	C:\WINDOWS\WinSxS\amd64_microsoft.windows.common-controls_6595b64144ccf1df_6.0.19041.3636_none_60b6a03d71f818d5\COMCTL32.dll
0x00007ff92a260000 - 0x00007ff92a28b000 	C:\WINDOWS\System32\GDI32.dll
0x00007ff9285c0000 - 0x00007ff92865e000 	C:\WINDOWS\System32\msvcrt.dll
0x00007ff927da0000 - 0x00007ff927eb7000 	C:\WINDOWS\System32\gdi32full.dll
0x00007ff9283f0000 - 0x00007ff92848d000 	C:\WINDOWS\System32\msvcp_win.dll
0x00007ff92a050000 - 0x00007ff92a082000 	C:\WINDOWS\System32\IMM32.DLL
0x00007ff921910000 - 0x00007ff92191c000 	D:\Program Files\Android\Android Studio\jbr\bin\vcruntime140_1.dll
0x00007ff901e60000 - 0x00007ff901eed000 	D:\Program Files\Android\Android Studio\jbr\bin\msvcp140.dll
0x00007ff8c68b0000 - 0x00007ff8c7530000 	D:\Program Files\Android\Android Studio\jbr\bin\server\jvm.dll
0x00007ff92a340000 - 0x00007ff92a3f3000 	C:\WINDOWS\System32\ADVAPI32.dll
0x00007ff928490000 - 0x00007ff92852f000 	C:\WINDOWS\System32\sechost.dll
0x00007ff9294a0000 - 0x00007ff9295c6000 	C:\WINDOWS\System32\RPCRT4.dll
0x00007ff9280c0000 - 0x00007ff9280e7000 	C:\WINDOWS\System32\bcrypt.dll
0x00007ff919020000 - 0x00007ff919029000 	C:\WINDOWS\SYSTEM32\WSOCK32.dll
0x00007ff91a630000 - 0x00007ff91a657000 	C:\WINDOWS\SYSTEM32\WINMM.dll
0x00007ff9231e0000 - 0x00007ff9231ea000 	C:\WINDOWS\SYSTEM32\VERSION.dll
0x00007ff929fe0000 - 0x00007ff92a04b000 	C:\WINDOWS\System32\WS2_32.dll
0x00007ff9259c0000 - 0x00007ff9259d2000 	C:\WINDOWS\SYSTEM32\kernel.appcore.dll
0x00007ff921b00000 - 0x00007ff921b0a000 	D:\Program Files\Android\Android Studio\jbr\bin\jimage.dll
0x00007ff922240000 - 0x00007ff922424000 	C:\WINDOWS\SYSTEM32\DBGHELP.DLL
0x00007ff922140000 - 0x00007ff922174000 	C:\WINDOWS\SYSTEM32\dbgcore.DLL
0x00007ff927d10000 - 0x00007ff927d92000 	C:\WINDOWS\System32\bcryptPrimitives.dll
0x00007ff9207d0000 - 0x00007ff9207f5000 	D:\Program Files\Android\Android Studio\jbr\bin\java.dll

dbghelp: loaded successfully - version: 4.0.5 - missing functions: none
symbol engine: initialized successfully - sym options: 0x614 - pdb path: .;D:\Program Files\Android\Android Studio\jbr\bin;C:\WINDOWS\SYSTEM32;C:\WINDOWS\WinSxS\amd64_microsoft.windows.common-controls_6595b64144ccf1df_6.0.19041.3636_none_60b6a03d71f818d5;D:\Program Files\Android\Android Studio\jbr\bin\server

VM Arguments:
java_command: org.jetbrains.kotlin.cli.jvm.K2JVMCompiler @D:\Users\jonatan\AndroidStudioProjects\AppRickyAndMorty\app\build\20240226_11664420886971498253.compiler.options
java_class_path (initial): C:\Users\jdarr\.gradle\caches\modules-2\files-2.1\org.jetbrains.kotlin\kotlin-compiler-embeddable\1.9.22\9cd4dc7773cf2a99ecd961a88fbbc9a2da3fb5e1\kotlin-compiler-embeddable-1.9.22.jar;C:\Users\jdarr\.gradle\caches\modules-2\files-2.1\org.jetbrains.kotlin\kotlin-stdlib\1.9.22\d6c44cd08d8f3f9bece8101216dbe6553365c6e3\kotlin-stdlib-1.9.22.jar;C:\Users\jdarr\.gradle\caches\modules-2\files-2.1\org.jetbrains.kotlin\kotlin-script-runtime\1.9.22\f8139a46fc677ec9badc49ae954392f4f5e7e7c7\kotlin-script-runtime-1.9.22.jar;C:\Users\jdarr\.gradle\caches\modules-2\files-2.1\org.jetbrains.kotlin\kotlin-reflect\1.6.10\1cbe9c92c12a94eea200d23c2bbaedaf3daf5132\kotlin-reflect-1.6.10.jar;C:\Users\jdarr\.gradle\caches\modules-2\files-2.1\org.jetbrains.kotlin\kotlin-daemon-embeddable\1.9.22\20e2c5df715f3240c765cfc222530e2796542021\kotlin-daemon-embeddable-1.9.22.jar;C:\Users\jdarr\.gradle\caches\modules-2\files-2.1\org.jetbrains.intellij.deps\trove4j\1.0.20200330\3afb14d5f9ceb459d724e907a21145e8ff394f02\trove4j-1.0.20200330.jar;C:\Users\jdarr\.gradle\caches\modules-2\files-2.1\org.jetbrains\annotations\13.0\919f0dfe192fb4e063e7dacadee7f8bb9a2672a9\annotations-13.0.jar
Launcher Type: SUN_STANDARD

[Global flags]
     intx CICompilerCount                          = 4                                         {product} {ergonomic}
     uint ConcGCThreads                            = 3                                         {product} {ergonomic}
     uint G1ConcRefinementThreads                  = 10                                        {product} {ergonomic}
   size_t G1HeapRegionSize                         = 4194304                                   {product} {ergonomic}
    uintx GCDrainStackTargetSize                   = 64                                        {product} {ergonomic}
   size_t InitialHeapSize                          = 402653184                                 {product} {ergonomic}
   size_t MarkStackSize                            = 4194304                                   {product} {ergonomic}
   size_t MaxHeapSize                              = 6404702208                                {product} {ergonomic}
   size_t MinHeapDeltaBytes                        = 4194304                                   {product} {ergonomic}
   size_t MinHeapSize                              = 8388608                                   {product} {ergonomic}
    uintx NonNMethodCodeHeapSize                   = 5839372                                {pd product} {ergonomic}
    uintx NonProfiledCodeHeapSize                  = 122909434                              {pd product} {ergonomic}
    uintx ProfiledCodeHeapSize                     = 122909434                              {pd product} {ergonomic}
    uintx ReservedCodeCacheSize                    = 251658240                              {pd product} {ergonomic}
     bool SegmentedCodeCache                       = true                                      {product} {ergonomic}
   size_t SoftMaxHeapSize                          = 6404702208                             {manageable} {ergonomic}
     bool UseCompressedClassPointers               = true                           {product lp64_product} {ergonomic}
     bool UseCompressedOops                        = true                           {product lp64_product} {ergonomic}
     bool UseG1GC                                  = true                                      {product} {ergonomic}
     bool UseLargePagesIndividualAllocation        = false                                  {pd product} {ergonomic}

Logging:
Log output configuration:
 #0: stdout all=warning uptime,level,tags
 #1: stderr all=off uptime,level,tags

Environment Variables:
JAVA_HOME=D:\Program Files\Java\jdk1.8.0_191
CLASSPATH=.
PATH=D:\Program Files\VMware\VMware Workstation\bin\;C:\Program Files (x86)\Common Files\Oracle\Java\javapath;C:\Windows\system32;C:\Windows;C:\Windows\System32\Wbem;C:\Windows\System32\WindowsPowerShell\v1.0\;C:\Windows\System32\OpenSSH\;C:\Program Files (x86)\NVIDIA Corporation\PhysX\Common;C:\Program Files\NVIDIA Corporation\NVIDIA NvDLISR;C:\Program Files\Intel\WiFi\bin\;C:\Program Files\Common Files\Intel\WirelessCommon\;D:\Program Files\Java\jdk1.8.0_191\bin;C:\Python39;C:\Python39\Scripts;D:\Python27\Scripts;D:\Python27;D:\Python27\DLLs;C:\Program Files\MySQL\MySQL Server 8.0\bin;D:\Go\bin;D:\Program Files\nodejs\;D:\Program Files\PuTTY\;D:\SprinkCloud\jdk-16\bin;C:\WINDOWS\system32;C:\WINDOWS;C:\WINDOWS\System32\Wbem;C:\WINDOWS\System32\WindowsPowerShell\v1.0\;C:\WINDOWS\System32\OpenSSH\;D:\apache-maven-3.8.1\bin;D:\Program Files\Git\cmd;C:\Program Files\dotnet\;D:\TDM-GCC-64\bin;C:\Python39\Scripts\;C:\Python39\;C:\Program Files\MySQL\MySQL Shell 8.0\bin\;C:\Users\jdarr\AppData\Local\Microsoft\WindowsApps;D:\Program Files\Java\jdk1.8.0_191\bin;C:\Python39;C:\Python39\Scripts;D:\Python27;D:\Python27\Scripts;C:\Users\jdarr\AppData\Local\atom\bin;C:\Program Files\MySQL\MySQL Server 8.0\bin;C:\Users\jdarr\go\bin;D:\Go\bin;C:\Users\jdarr\AppData\Roaming\npm;D:\Users\jonatan\AppData\Local\Programs\Microsoft VS Code\bin;;C:\Users\jdarr\AppData\Local\Microsoft\WindowsApps;C:\Program Files\JetBrains\IntelliJ IDEA Community Edition 2021.1.2\bin;
USERNAME=jdarr
OS=Windows_NT
PROCESSOR_IDENTIFIER=Intel64 Family 6 Model 158 Stepping 10, GenuineIntel
TMP=C:\Users\jdarr\AppData\Local\Temp
TEMP=C:\Users\jdarr\AppData\Local\Temp


JNI global refs:
JNI global refs: 0, weak refs: 0

JNI global refs memory usage: 0, weak refs: 0

OOME stack traces (most recent first):
Classloader memory used:


---------------  S Y S T E M  ---------------

OS:
 Windows 10 , 64 bit Build 19041 (10.0.19041.3636)
OS uptime: 10 days 13:27 hours

CPU: total 12 (initial active 12) (6 cores per cpu, 2 threads per core) family 6 model 158 stepping 10 microcode 0xb4, cx8, cmov, fxsr, ht, mmx, 3dnowpref, sse, sse2, sse3, ssse3, sse4.1, sse4.2, popcnt, lzcnt, tsc, tscinvbit, avx, avx2, aes, erms, clmul, bmi1, bmi2, adx, fma, vzeroupper, clflush, clflushopt

Memory: 4k page, system-wide physical 24421M (5254M free)
TotalPageFile size 26469M (AvailPageFile size 358M)
current process WorkingSet (physical memory assigned to process): 11M, peak: 11M
current process commit charge ("private bytes"): 64M, peak: 448M

vm_info: OpenJDK 64-Bit Server VM (17.0.7+0-b2043.56-10550314) for windows-amd64 JRE (17.0.7+0-b2043.56-10550314), built on Jul 24 2023 18:27:45 by "androidbuild" with MS VC++ 16.10 / 16.11 (VS2019)

END.
